#
# There is insufficient memory for the Java Runtime Environment to continue.
# Native memory allocation (malloc) failed to allocate 38176 bytes for Chunk::new
# Possible reasons:
#   The system is out of physical RAM or swap space
#   In 32 bit mode, the process size limit was hit
# Possible solutions:
#   Reduce memory load on the system
#   Increase physical memory or swap space
#   Check if swap backing store is full
#   Use 64 bit Java on a 64 bit OS
#   Decrease Java heap size (-Xmx/-Xms)
#   Decrease number of Java threads
#   Decrease Java thread stack sizes (-Xss)
#   Set larger code cache with -XX:ReservedCodeCacheSize=
# This output file may be truncated or incomplete.
#
#  Out of Memory Error (allocation.cpp:390), pid=8420, tid=6448
#
# JRE version: Java(TM) SE Runtime Environment (8.0_60-b27) (build 1.8.0_60-b27)
# Java VM: Java HotSpot(TM) 64-Bit Server VM (25.60-b23 mixed mode windows-amd64 compressed oops)
# Failed to write core dump. Minidumps are not enabled by default on client versions of Windows
#

---------------  T H R E A D  ---------------

Current thread (0x00000000154da000):  JavaThread "C2 CompilerThread0" daemon [_thread_in_native, id=6448, stack(0x00000000169f0000,0x0000000016af0000)]

Stack: [0x00000000169f0000,0x0000000016af0000]
[error occurred during error reporting (printing stack bounds), id 0xc0000005]

Native frames: (J=compiled Java code, j=interpreted, Vv=VM code, C=native code)


Current CompileTask:
C2:   1023  129       4       java.lang.String::startsWith (72 bytes)


---------------  P R O C E S S  ---------------

Java Threads: ( => current thread )
  0x0000000016b5b000 JavaThread "Service Thread" daemon [_thread_blocked, id=5932, stack(0x00000000170f0000,0x00000000171f0000)]
  0x0000000016b53000 JavaThread "C1 CompilerThread2" daemon [_thread_blocked, id=4680, stack(0x0000000016ff0000,0x00000000170f0000)]
  0x00000000154dd800 JavaThread "C2 CompilerThread1" daemon [_thread_blocked, id=9148, stack(0x0000000016ef0000,0x0000000016ff0000)]
=>0x00000000154da000 JavaThread "C2 CompilerThread0" daemon [_thread_in_native, id=6448, stack(0x00000000169f0000,0x0000000016af0000)]
  0x000000001548e800 JavaThread "Attach Listener" daemon [_thread_blocked, id=7504, stack(0x00000000168f0000,0x00000000169f0000)]
  0x000000001548d000 JavaThread "Signal Dispatcher" daemon [_thread_blocked, id=4776, stack(0x00000000167f0000,0x00000000168f0000)]
  0x0000000002d01800 JavaThread "Finalizer" daemon [_thread_blocked, id=7312, stack(0x00000000166f0000,0x00000000167f0000)]
  0x0000000015449000 JavaThread "Reference Handler" daemon [_thread_blocked, id=10084, stack(0x00000000165f0000,0x00000000166f0000)]
  0x0000000002c12800 JavaThread "main" [_thread_in_vm, id=10308, stack(0x0000000002800000,0x0000000002900000)]

Other Threads:
  0x0000000015447000 VMThread [stack: 0x00000000164f0000,0x00000000165f0000] [id=7076]
  0x0000000016b87000 WatcherThread [stack: 0x00000000171f0000,0x00000000172f0000] [id=7196]

VM state:not at safepoint (normal execution)

VM Mutex/Monitor currently owned by a thread: None

Heap:
 PSYoungGen      total 38400K, used 4660K [0x00000000eab00000, 0x00000000ed580000, 0x0000000100000000)
  eden space 33280K, 14% used [0x00000000eab00000,0x00000000eaf8d270,0x00000000ecb80000)
  from space 5120K, 0% used [0x00000000ed080000,0x00000000ed080000,0x00000000ed580000)
  to   space 5120K, 0% used [0x00000000ecb80000,0x00000000ecb80000,0x00000000ed080000)
 ParOldGen       total 87552K, used 0K [0x00000000c0000000, 0x00000000c5580000, 0x00000000eab00000)
  object space 87552K, 0% used [0x00000000c0000000,0x00000000c0000000,0x00000000c5580000)
 Metaspace       used 3590K, capacity 5008K, committed 5120K, reserved 1056768K
  class space    used 401K, capacity 456K, committed 512K, reserved 1048576K

Card table byte_map: [0x0000000012170000,0x0000000012380000] byte_map_base: 0x0000000011b70000

Marking Bits: (ParMarkBitMap*) 0x000000005dbba5b0
 Begin Bits: [0x00000000128e0000, 0x00000000138e0000)
 End Bits:   [0x00000000138e0000, 0x00000000148e0000)

Polling page: 0x0000000002900000

CodeCache: size=245760Kb used=1334Kb max_used=1334Kb free=244425Kb
 bounds [0x0000000002db0000, 0x0000000003020000, 0x0000000011db0000]
 total_blobs=388 nmethods=135 adapters=166
 compilation: enabled

Compilation events (10 events):
Event: 0.932 Thread 0x0000000016b53000  123       3       com.android.dx.util.ByteArray::checkOffsets (66 bytes)
Event: 0.933 Thread 0x0000000016b53000 nmethod 123 0x0000000002ef2790 code [0x0000000002ef29c0, 0x0000000002ef36d8]
Event: 0.933 Thread 0x0000000016b53000  124       3       com.android.dx.util.ByteArray::getUnsignedByte (14 bytes)
Event: 0.934 Thread 0x0000000016b53000 nmethod 124 0x0000000002ef13d0 code [0x0000000002ef1540, 0x0000000002ef1788]
Event: 0.940 Thread 0x0000000016b53000  125   !   3       java.util.zip.Inflater::inflate (113 bytes)
Event: 0.941 Thread 0x0000000016b53000 nmethod 125 0x0000000002ef8f90 code [0x0000000002ef9140, 0x0000000002ef97f8]
Event: 0.958 Thread 0x0000000016b53000  127       3       java.util.zip.ZipFile::access$400 (5 bytes)
Event: 0.958 Thread 0x0000000016b53000 nmethod 127 0x0000000002ef8890 code [0x0000000002ef89e0, 0x0000000002ef8b10]
Event: 0.969 Thread 0x00000000154da000  129       4       java.lang.String::startsWith (72 bytes)
Event: 0.970 Thread 0x0000000016b53000  130       3       java.lang.StringBuilder::toString (17 bytes)

GC Heap History (0 events):
No events

Deoptimization events (0 events):
No events

Internal exceptions (2 events):
Event: 0.131 Thread 0x0000000002c12800 Exception <a 'java/lang/NoSuchMethodError': Method sun.misc.Unsafe.defineClass(Ljava/lang/String;[BII)Ljava/lang/Class; name or signature does not match> (0x00000000eab13080) thrown at [C:\re\workspace\8-2-build-windows-amd64-cygwin\jdk8u60\4407\hotspot\sr∫áÎ>Ä≈¿?
Event: 0.131 Thread 0x0000000002c12800 Exception <a 'java/lang/NoSuchMethodError': Method sun.misc.Unsafe.prefetchRead(Ljava/lang/Object;J)V name or signature does not match> (0x00000000eab13368) thrown at [C:\re\workspace\8-2-build-windows-amd64-cygwin\jdk8u60\4407\hotspot\src\share\vm\prims\j

Events (10 events):
Event: 0.966 loading class com/android/dx/cf/iface/StdFieldList
Event: 0.966 loading class com/android/dx/cf/iface/StdFieldList done
Event: 0.966 loading class com/android/dx/cf/direct/AttributeListParser
Event: 0.966 loading class com/android/dx/cf/direct/AttributeListParser done
Event: 0.969 loading class com/android/dx/cf/iface/StdAttributeList
Event: 0.969 loading class com/android/dx/cf/iface/StdAttributeList done
Event: 0.970 loading class com/android/dx/cf/iface/StdField
Event: 0.970 loading class com/android/dx/cf/iface/StdField done
Event: 0.970 loading class com/android/dx/cf/iface/StdMember
Event: 0.970 loading class com/android/dx/cf/iface/StdMember done


Dynamic libraries:
0x00007ff622db0000 - 0x00007ff622de7000 	C:\Program Files\Java\jdk1.8.0_60\bin\java.exe
0x00007ffe6e6a0000 - 0x00007ffe6e84d000 	C:\windows\SYSTEM32\ntdll.dll
0x00007ffe6c4d0000 - 0x00007ffe6c60e000 	C:\windows\system32\KERNEL32.DLL
0x00007ffe6b9b0000 - 0x00007ffe6bac5000 	C:\windows\system32\KERNELBASE.dll
0x00007ffe6a3a0000 - 0x00007ffe6a42e000 	C:\windows\system32\apphelp.dll
0x00007ffe5b6c0000 - 0x00007ffe5b713000 	C:\windows\AppPatch\AppPatch64\AcGenral.DLL
0x00007ffe6ddf0000 - 0x00007ffe6de9a000 	C:\windows\system32\msvcrt.dll
0x00007ffe6bd00000 - 0x00007ffe6bd2e000 	C:\windows\system32\SspiCli.dll
0x00007ffe6e3d0000 - 0x00007ffe6e424000 	C:\windows\system32\SHLWAPI.dll
0x00007ffe6dc70000 - 0x00007ffe6dde7000 	C:\windows\system32\USER32.dll
0x00007ffe6e230000 - 0x00007ffe6e3c4000 	C:\windows\system32\ole32.dll
0x00007ffe6c740000 - 0x00007ffe6dc6a000 	C:\windows\system32\SHELL32.dll
0x00007ffe6ae20000 - 0x00007ffe6ae41000 	C:\windows\SYSTEM32\USERENV.dll
0x00007ffe6c0c0000 - 0x00007ffe6c16a000 	C:\windows\system32\ADVAPI32.dll
0x00007ffe5b5b0000 - 0x00007ffe5b5ce000 	C:\windows\SYSTEM32\MPR.dll
0x00007ffe6bd30000 - 0x00007ffe6be70000 	C:\windows\system32\RPCRT4.dll
0x00007ffe6c170000 - 0x00007ffe6c1c9000 	C:\windows\SYSTEM32\sechost.dll
0x00007ffe6c2b0000 - 0x00007ffe6c4c1000 	C:\windows\SYSTEM32\combase.dll
0x00007ffe6e010000 - 0x00007ffe6e160000 	C:\windows\system32\GDI32.dll
0x00007ffe6b7d0000 - 0x00007ffe6b7e5000 	C:\windows\SYSTEM32\profapi.dll
0x00007ffe69d70000 - 0x00007ffe69e22000 	C:\windows\SYSTEM32\SHCORE.dll
0x00007ffe6c700000 - 0x00007ffe6c736000 	C:\windows\system32\IMM32.DLL
0x00007ffe6dea0000 - 0x00007ffe6dff2000 	C:\windows\system32\MSCTF.dll
0x00007ffe698f0000 - 0x00007ffe69b6b000 	C:\windows\WinSxS\amd64_microsoft.windows.common-controls_6595b64144ccf1df_6.0.9600.18006_none_623f33d3ecbe86e8\COMCTL32.dll
0x000000005cf30000 - 0x000000005d002000 	C:\Program Files\Java\jdk1.8.0_60\jre\bin\msvcr100.dll
0x000000005d3b0000 - 0x000000005dc39000 	C:\Program Files\Java\jdk1.8.0_60\jre\bin\server\jvm.dll
0x00007ffe660b0000 - 0x00007ffe660b9000 	C:\windows\SYSTEM32\WSOCK32.dll
0x00007ffe64f20000 - 0x00007ffe64f42000 	C:\windows\SYSTEM32\WINMM.dll
0x00007ffe66560000 - 0x00007ffe6656a000 	C:\windows\SYSTEM32\VERSION.dll
0x00007ffe6c1d0000 - 0x00007ffe6c1d7000 	C:\windows\system32\PSAPI.DLL
0x00007ffe6e160000 - 0x00007ffe6e1ba000 	C:\windows\system32\WS2_32.dll
0x00007ffe64ef0000 - 0x00007ffe64f1a000 	C:\windows\SYSTEM32\WINMMBASE.dll
0x00007ffe6c2a0000 - 0x00007ffe6c2a9000 	C:\windows\system32\NSI.dll
0x00007ffe6bcb0000 - 0x00007ffe6bcff000 	C:\windows\SYSTEM32\cfgmgr32.dll
0x00007ffe6a5f0000 - 0x00007ffe6a618000 	C:\windows\SYSTEM32\DEVOBJ.dll
0x000000005d3a0000 - 0x000000005d3af000 	C:\Program Files\Java\jdk1.8.0_60\jre\bin\verify.dll
0x000000005d370000 - 0x000000005d399000 	C:\Program Files\Java\jdk1.8.0_60\jre\bin\java.dll
0x000000005d350000 - 0x000000005d366000 	C:\Program Files\Java\jdk1.8.0_60\jre\bin\zip.dll

VM Arguments:
jvm_args: -Djava.awt.headless=true -Xmx1024M -Dfile.encoding=GBK -Duser.country=CN -Duser.language=zh -Duser.variant 
java_command: com.android.dx.command.Main --dex --force-jumbo --multi-dex --output D:\projects\android\studio\workspace\MyApplication\myapplication2\build\intermediates\transforms\dex\debug\folders\1000\10\instant-run-bootstrap_fc606927c592c18287009491f1b0b937eb41d022 D:\projects\android\studio\workspace\MyApplication\myapplication2\build\intermediates\incremental-classes\debug\instant-run-bootstrap.jar
java_class_path (initial): D:\tools\android\studio\sdk\build-tools\21.1.2\lib\dx.jar
Launcher Type: SUN_STANDARD

Environment Variables:
CLASSPATH=.
PATH=C:\ProgramData\Oracle\Java\javapath;C:\Program Files (x86)\Intel\iCLS Client\;C:\Program Files\Intel\iCLS Client\;C:\windows\system32;C:\windows;C:\windows\System32\Wbem;C:\windows\System32\WindowsPowerShell\v1.0\;C:\Program Files\Intel\Intel(R) Management Engine Components\DAL;C:\Program Files (x86)\Intel\Intel(R) Management Engine Components\DAL;C:\Program Files\Intel\Intel(R) Management Engine Components\IPT;C:\Program Files (x86)\Intel\Intel(R) Management Engine Components\IPT;C:\Program Files (x86)\ATI Technologies\ATI.ACE\Core-Static;C:\ProgramData\Lenovo\ReadyApps;C:\Program Files\Java\jdk1.8.0_60\bin;C:\Program Files\Java\jre1.8.0_60\bin;D:\tools\android\eclipse\adt-bundle-windows-x86_64-20140321\platform-tools;C:\Program Files\nodejs\;C:\Program Files\nodejs\node_globa
USERNAME=Œ¿±Î
OS=Windows_NT
PROCESSOR_IDENTIFIER=Intel64 Family 6 Model 69 Stepping 1, GenuineIntel



---------------  S Y S T E M  ---------------

OS: Windows 8.1 , 64 bit Build 9600 (6.3.9600.17415)

CPU:total 4 (2 cores per cpu, 2 threads per core) family 6 model 69 stepping 1, cmov, cx8, fxsr, mmx, sse, sse2, sse3, ssse3, sse4.1, sse4.2, popcnt, avx, avx2, aes, clmul, erms, lzcnt, ht, tsc, tscinvbit, bmi1, bmi2

Memory: 4k page, physical 8310040k(2278952k free), swap 8310040k(1852k free)

vm_info: Java HotSpot(TM) 64-Bit Server VM (25.60-b23) for windows-amd64 JRE (1.8.0_60-b27), built on Aug  4 2015 11:06:27 by "java_re" with MS VC++ 10.0 (VS2010)

time: Thu May 19 17:47:55 2016
elapsed time: 1 seconds (0d 0h 0m 1s)

